EXIT:0
STDOUT:
[36mvite v5.4.21 [32mbuilding for production...[36m[39m
transforming...
[32m✓[39m 2781 modules transformed.
rendering chunks...
computing gzip size...
[2mdist/[22m[32mindex.html                             [39m[1m[2m  0.41 kB[22m[1m[22m[2m │ gzip:   0.28 kB[22m
[2mdist/[22m[35massets/index-BgrEG5U4.css              [39m[1m[2m 44.34 kB[22m[1m[22m[2m │ gzip:   8.21 kB[22m
[2mdist/[22m[36massets/index-DMeTN1XR.js               [39m[1m[33m637.33 kB[39m[22m[2m │ gzip: 180.93 kB[22m
[2mdist/[22m[36massets/FloatingBackground-AtCTe8sF.js  [39m[1m[33m890.39 kB[39m[22m[2m │ gzip: 240.82 kB[22m
[32m✓ built in 11.40s[39m

STDERR:
[33m[vite:css] @import must precede all other statements (besides @charset or empty @layer)
11 |  
12 |  /* ── Google Fonts: Inter ── */
13 |  @import url('https://fonts.googleapis.com/css2?family=Inter:wght@300;400;500;600;700;800;900&display=swap');
   |  ^^^^^^^^^^^^^^^^^^^^^^^^^^^^^^^^^^^^^^^^^^^^^^^^^^^^^^^^^^^^^^^^^^^^^^^^^^^^^^^^^^^^^^^^^^^^^^^^^^^^^^^^^^^^
14 |  
15 |  /* ── Global Defaults ── */[39m
[33m
(!) Some chunks are larger than 500 kB after minification. Consider:
- Using dynamic import() to code-split the application
- Use build.rollupOptions.output.manualChunks to improve chunking: https://rollupjs.org/configuration-options/#output-manualchunks
- Adjust chunk size limit for this warning via build.chunkSizeWarningLimit.[39m
